

 << Logging to file resumes >> 

Mon Jun 02 13:36:26 2008: Download complete.
Mon Jun 02 13:36:26 2008: Loaded debugee: C:\Documents and Settings\Steve\My Documents\IAR Embedded Workbench\F2012\MollyProject\SW\pwmtest\Debug\Exe\pwmtest1.d43
Mon Jun 02 13:36:26 2008: Target reset


 << Logging to file resumes >> 

Mon Jun 02 13:36:43 2008: Download complete.
Mon Jun 02 13:36:43 2008: Loaded debugee: C:\Documents and Settings\Steve\My Documents\IAR Embedded Workbench\F2012\MollyProject\SW\pwmtest\Debug\Exe\pwmtest1.d43
Mon Jun 02 13:36:43 2008: Target reset


 << Logging to file resumes >> 

Mon Jun 02 13:44:24 2008: Download complete.
Mon Jun 02 13:44:24 2008: Loaded debugee: C:\Documents and Settings\Steve\My Documents\IAR Embedded Workbench\F2012\MollyProject\SW\pwmtest\Debug\Exe\pwmtest1.d43
Mon Jun 02 13:44:24 2008: Target reset


 << Logging to file resumes >> 

Mon Jun 02 13:44:33 2008: Download complete.
Mon Jun 02 13:44:33 2008: Loaded debugee: C:\Documents and Settings\Steve\My Documents\IAR Embedded Workbench\F2012\MollyProject\SW\pwmtest\Debug\Exe\pwmtest1.d43
Mon Jun 02 13:44:33 2008: Target reset


 << Logging to file resumes >> 

Mon Jun 02 13:54:44 2008: Download complete.
Mon Jun 02 13:54:44 2008: Loaded debugee: C:\Documents and Settings\Steve\My Documents\IAR Embedded Workbench\F2012\MollyProject\SW\pwmtest\Debug\Exe\pwmtest1.d43
Mon Jun 02 13:54:44 2008: Target reset


 << Logging to file resumes >> 

Mon Jun 02 14:01:56 2008: Download complete.
Mon Jun 02 14:01:56 2008: Loaded debugee: C:\Documents and Settings\Steve\My Documents\IAR Embedded Workbench\F2012\MollyProject\SW\pwmtest\Debug\Exe\pwmtest1.d43
Mon Jun 02 14:01:56 2008: Target reset


 << Logging to file resumes >> 

Mon Jun 02 14:02:51 2008: Download complete.
Mon Jun 02 14:02:51 2008: Loaded debugee: C:\Documents and Settings\Steve\My Documents\IAR Embedded Workbench\F2012\MollyProject\SW\pwmtest\Debug\Exe\pwmtest1.d43
Mon Jun 02 14:02:51 2008: Target reset


 << Logging to file resumes >> 

Mon Jun 02 14:03:22 2008: Download complete.
Mon Jun 02 14:03:22 2008: Loaded debugee: C:\Documents and Settings\Steve\My Documents\IAR Embedded Workbench\F2012\MollyProject\SW\pwmtest\Debug\Exe\pwmtest1.d43
Mon Jun 02 14:03:22 2008: Target reset


 << Logging to file resumes >> 

Mon Jun 02 14:16:10 2008: Download complete.
Mon Jun 02 14:16:10 2008: Loaded debugee: C:\Documents and Settings\Steve\My Documents\IAR Embedded Workbench\F2012\MollyProject\SW\pwmtest\Debug\Exe\pwmtest1.d43
Mon Jun 02 14:16:10 2008: Target reset


 << Logging to file resumes >> 

Mon Jun 02 14:19:25 2008: Download complete.
Mon Jun 02 14:19:25 2008: Loaded debugee: C:\Documents and Settings\Steve\My Documents\IAR Embedded Workbench\F2012\MollyProject\SW\pwmtest\Debug\Exe\pwmtest1.d43
Mon Jun 02 14:19:25 2008: Target reset


 << Logging to file resumes >> 

Mon Jun 02 14:19:54 2008: Download complete.
Mon Jun 02 14:19:54 2008: Loaded debugee: C:\Documents and Settings\Steve\My Documents\IAR Embedded Workbench\F2012\MollyProject\SW\pwmtest\Debug\Exe\pwmtest1.d43
Mon Jun 02 14:19:54 2008: Target reset


 << Logging to file resumes >> 

Mon Jun 02 17:29:03 2008: Interface dll version 2.3.1.0
Mon Jun 02 17:29:03 2008: Device : MSP430F20x2
Mon Jun 02 17:29:03 2008: External voltage : 0.0 V
Mon Jun 02 17:29:03 2008: VCC voltage : 3.5 V
Mon Jun 02 17:29:06 2008: Failed to load debugee: C:\Documents and Settings\Steve\My Documents\IAR Embedded Workbench\F2012\MollyProject\SW\pwmtest\Debug\Exe\pwmtest1.d43


 << Logging to file resumes >> 

Mon Jun 02 17:29:30 2008: Interface dll version 2.3.1.0
Mon Jun 02 17:29:30 2008: Device : MSP430F20x2
Mon Jun 02 17:29:30 2008: External voltage : 0.0 V
Mon Jun 02 17:29:30 2008: VCC voltage : 3.5 V
Mon Jun 02 17:29:31 2008: Download complete.
Mon Jun 02 17:29:31 2008: Loaded debugee: C:\Documents and Settings\Steve\My Documents\IAR Embedded Workbench\F2012\MollyProject\SW\pwmtest\Debug\Exe\pwmtest1.d43
Mon Jun 02 17:29:31 2008: Target reset
Mon Jun 02 17:29:45 2008: Warning: Could not get target status
Mon Jun 02 17:29:50 2008: Warning: Could not get target status
Mon Jun 02 17:30:05 2008: Warning: Could not get target status
Mon Jun 02 17:30:10 2008: Warning: Could not get target status
Mon Jun 02 17:30:16 2008: Warning: Could not get target status
Mon Jun 02 17:30:21 2008: Warning: Could not get target status
Mon Jun 02 17:30:26 2008: Target execution stopped
Mon Jun 02 17:30:42 2008: Warning: Could not get target status
Mon Jun 02 17:30:47 2008: Warning: Could not get target status
Mon Jun 02 17:30:52 2008: Warning: Could not get target status
Mon Jun 02 17:31:02 2008: Warning: Could not get target status
Mon Jun 02 17:31:07 2008: Warning: Could not get target status
Mon Jun 02 17:31:12 2008: Warning: Could not get target status


 << Logging to file resumes >> 

Mon Jun 02 17:31:33 2008: Interface dll version 2.3.1.0
Mon Jun 02 17:31:33 2008: Device : MSP430F20x2
Mon Jun 02 17:31:33 2008: External voltage : 0.0 V
Mon Jun 02 17:31:33 2008: VCC voltage : 3.5 V
Mon Jun 02 17:31:35 2008: Download complete.
Mon Jun 02 17:31:35 2008: Loaded debugee: C:\Documents and Settings\Steve\My Documents\IAR Embedded Workbench\F2012\MollyProject\SW\pwmtest\Debug\Exe\pwmtest1.d43
Mon Jun 02 17:31:35 2008: Target reset
Mon Jun 02 17:31:58 2008: Warning: Could not get target status
Mon Jun 02 17:32:03 2008: Warning: Could not get target status
Mon Jun 02 17:32:08 2008: Warning: Could not get target status
Mon Jun 02 17:32:13 2008: Warning: Could not get target status
Mon Jun 02 17:32:20 2008: Warning: Could not get target status
Mon Jun 02 17:32:25 2008: Target execution stopped
Mon Jun 02 17:32:41 2008: Warning: Could not get target status
Mon Jun 02 17:34:08 2008: Warning: Could not get target status
Mon Jun 02 17:34:08 2008: Warning: Could not get target status
Mon Jun 02 17:34:09 2008: Warning: Could not get target status
Mon Jun 02 17:34:10 2008: Warning: Could not get target status


 << Logging to file resumes >> 

Mon Jun 02 17:36:54 2008: Interface dll version 2.3.1.0
Mon Jun 02 17:36:54 2008: Failed to load debugee: C:\Documents and Settings\Steve\My Documents\IAR Embedded Workbench\F2012\MollyProject\SW\pwmtest\Debug\Exe\pwmtest1.d43
Mon Jun 02 17:37:15 2008: Failed to load debugee: C:\Documents and Settings\Steve\My Documents\IAR Embedded Workbench\F2012\MollyProject\SW\pwmtest\Debug\Exe\pwmtest1.d43


 << Logging to file resumes >> 

Mon Jun 02 17:37:23 2008: Interface dll version 2.3.1.0
Mon Jun 02 17:37:23 2008: Failed to load debugee: C:\Documents and Settings\Steve\My Documents\IAR Embedded Workbench\F2012\MollyProject\SW\pwmtest\Debug\Exe\pwmtest1.d43
Mon Jun 02 17:37:54 2008: Failed to load debugee: C:\Documents and Settings\Steve\My Documents\IAR Embedded Workbench\F2012\MollyProject\SW\pwmtest\Debug\Exe\pwmtest1.d43


 << Logging to file resumes >> 

Mon Jun 02 17:38:02 2008: Interface dll version 2.3.1.0
Mon Jun 02 17:38:02 2008: Device : MSP430F20x2
Mon Jun 02 17:38:02 2008: External voltage : 0.0 V
Mon Jun 02 17:38:02 2008: VCC voltage : 3.5 V
Mon Jun 02 17:38:03 2008: Download complete.
Mon Jun 02 17:38:03 2008: Loaded debugee: C:\Documents and Settings\Steve\My Documents\IAR Embedded Workbench\F2012\MollyProject\SW\pwmtest\Debug\Exe\pwmtest1.d43
Mon Jun 02 17:38:04 2008: Target reset
Mon Jun 02 17:38:23 2008: Target execution stopped by user


 << Logging to file resumes >> 

Tue Jun 03 22:11:19 2008: Interface dll version 2.3.1.0
Tue Jun 03 22:11:19 2008: Device : MSP430F20x2
Tue Jun 03 22:11:19 2008: External voltage : 0.0 V
Tue Jun 03 22:11:19 2008: VCC voltage : 3.5 V
Tue Jun 03 22:11:21 2008: Download complete.
Tue Jun 03 22:11:21 2008: Loaded debugee: C:\Documents and Settings\Steve\My Documents\IAR Embedded Workbench\F2012\MollyProject\SW\pwmtest\Debug\Exe\pwmtest1.d43
Tue Jun 03 22:11:21 2008: Target reset
Tue Jun 03 22:11:29 2008: Target execution stopped by user


 << Logging to file resumes >> 

Tue Jun 03 22:12:18 2008: Interface dll version 2.3.1.0
Tue Jun 03 22:12:18 2008: Device : MSP430F20x2
Tue Jun 03 22:12:18 2008: External voltage : 0.0 V
Tue Jun 03 22:12:18 2008: VCC voltage : 3.5 V
Tue Jun 03 22:12:20 2008: Download complete.
Tue Jun 03 22:12:20 2008: Loaded debugee: C:\Documents and Settings\Steve\My Documents\IAR Embedded Workbench\F2012\MollyProject\SW\pwmtest\Debug\Exe\pwmtest1.d43
Tue Jun 03 22:12:20 2008: Target reset
Tue Jun 03 22:12:46 2008: Target execution stopped by user
